# JRE version: Java(TM) SE Runtime Environment (8.0_51-b16) (build 1.8.0_51-b16)
# Java VM: Java HotSpot(TM) 64-Bit Server VM (25.51-b03 mixed mode windows-amd64 compressed oops)
Heap:
 PSYoungGen      total 106496K, used 78740K [0x00000000e0000000, 0x00000000e9b00000, 0x0000000100000000)
  eden space 96768K, 74% used [0x00000000e0000000,0x00000000e4650880,0x00000000e5e80000)
  from space 9728K, 69% used [0x00000000e5e80000,0x00000000e6514990,0x00000000e6800000)
  to   space 9728K, 0% used [0x00000000e9180000,0x00000000e9180000,0x00000000e9b00000)
 ParOldGen       total 53248K, used 12626K [0x00000000a0000000, 0x00000000a3400000, 0x00000000e0000000)
  object space 53248K, 23% used [0x00000000a0000000,0x00000000a0c54a00,0x00000000a3400000)
 Metaspace       used 25631K, capacity 26215K, committed 26544K, reserved 1073152K
  class space    used 2531K, capacity 2686K, committed 2736K, reserved 1048576K
GC Heap History (10 events):
Event: 1.548 GC heap before
{Heap before GC invocations=4 (full 0):
 PSYoungGen      total 28672K, used 28640K [0x00000000e0000000, 0x00000000e3800000, 0x0000000100000000)
  eden space 24576K, 100% used [0x00000000e0000000,0x00000000e1800000,0x00000000e1800000)
  from space 4096K, 99% used [0x00000000e1800000,0x00000000e1bf83d0,0x00000000e1c00000)
  to   space 4096K, 0% used [0x00000000e3400000,0x00000000e3400000,0x00000000e3800000)
 ParOldGen       total 65536K, used 2461K [0x00000000a0000000, 0x00000000a4000000, 0x00000000e0000000)
  object space 65536K, 3% used [0x00000000a0000000,0x00000000a0267788,0x00000000a4000000)
 Metaspace       used 15554K, capacity 15829K, committed 16128K, reserved 1062912K
  class space    used 1620K, capacity 1711K, committed 1792K, reserved 1048576K
Event: 1.554 GC heap after
Heap after GC invocations=4 (full 0):
 PSYoungGen      total 53248K, used 4075K [0x00000000e0000000, 0x00000000e3800000, 0x0000000100000000)
  eden space 49152K, 0% used [0x00000000e0000000,0x00000000e0000000,0x00000000e3000000)
  from space 4096K, 99% used [0x00000000e3400000,0x00000000e37faf10,0x00000000e3800000)
  to   space 4096K, 0% used [0x00000000e3000000,0x00000000e3000000,0x00000000e3400000)
 ParOldGen       total 65536K, used 5286K [0x00000000a0000000, 0x00000000a4000000, 0x00000000e0000000)
  object space 65536K, 8% used [0x00000000a0000000,0x00000000a05298f0,0x00000000a4000000)
 Metaspace       used 15554K, capacity 15829K, committed 16128K, reserved 1062912K
  class space    used 1620K, capacity 1711K, committed 1792K, reserved 1048576K
}
Event: 1.731 GC heap before
{Heap before GC invocations=5 (full 0):
 PSYoungGen      total 53248K, used 53227K [0x00000000e0000000, 0x00000000e3800000, 0x0000000100000000)
  eden space 49152K, 100% used [0x00000000e0000000,0x00000000e3000000,0x00000000e3000000)
  from space 4096K, 99% used [0x00000000e3400000,0x00000000e37faf10,0x00000000e3800000)
  to   space 4096K, 0% used [0x00000000e3000000,0x00000000e3000000,0x00000000e3400000)
 ParOldGen       total 65536K, used 5286K [0x00000000a0000000, 0x00000000a4000000, 0x00000000e0000000)
  object space 65536K, 8% used [0x00000000a0000000,0x00000000a05298f0,0x00000000a4000000)
 Metaspace       used 16526K, capacity 16759K, committed 17024K, reserved 1064960K
  class space    used 1755K, capacity 1809K, committed 1920K, reserved 1048576K
Event: 1.737 GC heap after
Heap after GC invocations=5 (full 0):
 PSYoungGen      total 53248K, used 4093K [0x00000000e0000000, 0x00000000e7000000, 0x0000000100000000)
  eden space 49152K, 0% used [0x00000000e0000000,0x00000000e0000000,0x00000000e3000000)
  from space 4096K, 99% used [0x00000000e3000000,0x00000000e33ff7f0,0x00000000e3400000)
  to   space 8192K, 0% used [0x00000000e6800000,0x00000000e6800000,0x00000000e7000000)
 ParOldGen       total 65536K, used 8082K [0x00000000a0000000, 0x00000000a4000000, 0x00000000e0000000)
  object space 65536K, 12% used [0x00000000a0000000,0x00000000a07e4888,0x00000000a4000000)
 Metaspace       used 16526K, capacity 16759K, committed 17024K, reserved 1064960K
  class space    used 1755K, capacity 1809K, committed 1920K, reserved 1048576K
}
Event: 2.178 GC heap before
{Heap before GC invocations=6 (full 0):
 PSYoungGen      total 53248K, used 35433K [0x00000000e0000000, 0x00000000e7000000, 0x0000000100000000)
  eden space 49152K, 63% used [0x00000000e0000000,0x00000000e1e9ad78,0x00000000e3000000)
  from space 4096K, 99% used [0x00000000e3000000,0x00000000e33ff7f0,0x00000000e3400000)
  to   space 8192K, 0% used [0x00000000e6800000,0x00000000e6800000,0x00000000e7000000)
 ParOldGen       total 65536K, used 8082K [0x00000000a0000000, 0x00000000a4000000, 0x00000000e0000000)
  object space 65536K, 12% used [0x00000000a0000000,0x00000000a07e4888,0x00000000a4000000)
 Metaspace       used 20984K, capacity 21271K, committed 21296K, reserved 1069056K
  class space    used 2243K, capacity 2327K, committed 2352K, reserved 1048576K
Event: 2.184 GC heap after
Heap after GC invocations=6 (full 0):
 PSYoungGen      total 104960K, used 8184K [0x00000000e0000000, 0x00000000e7300000, 0x0000000100000000)
  eden space 96768K, 0% used [0x00000000e0000000,0x00000000e0000000,0x00000000e5e80000)
  from space 8192K, 99% used [0x00000000e6800000,0x00000000e6ffe1a8,0x00000000e7000000)
  to   space 9728K, 0% used [0x00000000e5e80000,0x00000000e5e80000,0x00000000e6800000)
 ParOldGen       total 65536K, used 9413K [0x00000000a0000000, 0x00000000a4000000, 0x00000000e0000000)
  object space 65536K, 14% used [0x00000000a0000000,0x00000000a0931688,0x00000000a4000000)
 Metaspace       used 20984K, capacity 21271K, committed 21296K, reserved 1069056K
  class space    used 2243K, capacity 2327K, committed 2352K, reserved 1048576K
}
Event: 2.184 GC heap before
{Heap before GC invocations=7 (full 1):
 PSYoungGen      total 104960K, used 8184K [0x00000000e0000000, 0x00000000e7300000, 0x0000000100000000)
  eden space 96768K, 0% used [0x00000000e0000000,0x00000000e0000000,0x00000000e5e80000)
  from space 8192K, 99% used [0x00000000e6800000,0x00000000e6ffe1a8,0x00000000e7000000)
  to   space 9728K, 0% used [0x00000000e5e80000,0x00000000e5e80000,0x00000000e6800000)
 ParOldGen       total 65536K, used 9413K [0x00000000a0000000, 0x00000000a4000000, 0x00000000e0000000)
  object space 65536K, 14% used [0x00000000a0000000,0x00000000a0931688,0x00000000a4000000)
 Metaspace       used 20984K, capacity 21271K, committed 21296K, reserved 1069056K
  class space    used 2243K, capacity 2327K, committed 2352K, reserved 1048576K
Event: 2.221 GC heap after
Heap after GC invocations=7 (full 1):
 PSYoungGen      total 104960K, used 0K [0x00000000e0000000, 0x00000000e7300000, 0x0000000100000000)
  eden space 96768K, 0% used [0x00000000e0000000,0x00000000e0000000,0x00000000e5e80000)
  from space 8192K, 0% used [0x00000000e6800000,0x00000000e6800000,0x00000000e7000000)
  to   space 9728K, 0% used [0x00000000e5e80000,0x00000000e5e80000,0x00000000e6800000)
 ParOldGen       total 53248K, used 12618K [0x00000000a0000000, 0x00000000a3400000, 0x00000000e0000000)
  object space 53248K, 23% used [0x00000000a0000000,0x00000000a0c52a00,0x00000000a3400000)
 Metaspace       used 20984K, capacity 21271K, committed 21296K, reserved 1069056K
  class space    used 2243K, capacity 2327K, committed 2352K, reserved 1048576K
}
Event: 7.954 GC heap before
{Heap before GC invocations=8 (full 1):
 PSYoungGen      total 104960K, used 96768K [0x00000000e0000000, 0x00000000e7300000, 0x0000000100000000)
  eden space 96768K, 100% used [0x00000000e0000000,0x00000000e5e80000,0x00000000e5e80000)
  from space 8192K, 0% used [0x00000000e6800000,0x00000000e6800000,0x00000000e7000000)
  to   space 9728K, 0% used [0x00000000e5e80000,0x00000000e5e80000,0x00000000e6800000)
 ParOldGen       total 53248K, used 12618K [0x00000000a0000000, 0x00000000a3400000, 0x00000000e0000000)
  object space 53248K, 23% used [0x00000000a0000000,0x00000000a0c52a00,0x00000000a3400000)
 Metaspace       used 25483K, capacity 26005K, committed 26288K, reserved 1073152K
  class space    used 2528K, capacity 2682K, committed 2736K, reserved 1048576K
Event: 7.961 GC heap after
Heap after GC invocations=8 (full 1):
 PSYoungGen      total 106496K, used 6738K [0x00000000e0000000, 0x00000000e9b00000, 0x0000000100000000)
  eden space 96768K, 0% used [0x00000000e0000000,0x00000000e0000000,0x00000000e5e80000)
  from space 9728K, 69% used [0x00000000e5e80000,0x00000000e6514990,0x00000000e6800000)
  to   space 9728K, 0% used [0x00000000e9180000,0x00000000e9180000,0x00000000e9b00000)
 ParOldGen       total 53248K, used 12626K [0x00000000a0000000, 0x00000000a3400000, 0x00000000e0000000)
  object space 53248K, 23% used [0x00000000a0000000,0x00000000a0c54a00,0x00000000a3400000)
 Metaspace       used 25483K, capacity 26005K, committed 26288K, reserved 1073152K
  class space    used 2528K, capacity 2682K, committed 2736K, reserved 1048576K
}

